<?xml version="1.0" encoding="utf-8"?>
<ImportExportXml xmlns:xsi="http://www.w3.org/2001/XMLSchema-instance" OrganizationVersion="9.2.26014.158" OrganizationSchemaType="Standard" CRMServerServiceabilityVersion="9.2.26014.00158">
  <Entities />
  <Roles />
  <Workflows />
  <FieldSecurityProfiles />
  <Templates />
  <EntityMaps />
  <EntityRelationships />
  <OrganizationSettings />
  <optionsets />
  <WebResources />
  <CustomControls />
  <AppModuleSiteMaps />
  <AppModules />
  <EntityDataProviders />
  <CanvasApps />
  <connectionreferences>
    <connectionreference connectionreferencelogicalname="new_sharedapprovals_a01cd">
      <connectionreferencedisplayname>Standard approvals</connectionreferencedisplayname>
      <connectorid>/providers/Microsoft.PowerApps/apis/shared_approvals</connectorid>
      <iscustomizable>1</iscustomizable>
      <promptingbehavior>0</promptingbehavior>
      <statecode>0</statecode>
      <statuscode>1</statuscode>
    </connectionreference>
    <connectionreference connectionreferencelogicalname="new_sharedapprovals_bda3c">
      <connectionreferencedisplayname>Standard approvals</connectionreferencedisplayname>
      <connectorid>/providers/Microsoft.PowerApps/apis/shared_approvals</connectorid>
      <iscustomizable>1</iscustomizable>
      <promptingbehavior>0</promptingbehavior>
      <statecode>0</statecode>
      <statuscode>1</statuscode>
    </connectionreference>
    <connectionreference connectionreferencelogicalname="new_sharedcommondataserviceforapps_35cba">
      <connectionreferencedisplayname>Microsoft Dataverse</connectionreferencedisplayname>
      <connectorid>/providers/Microsoft.PowerApps/apis/shared_commondataserviceforapps</connectorid>
      <iscustomizable>1</iscustomizable>
      <promptingbehavior>0</promptingbehavior>
      <statecode>0</statecode>
      <statuscode>1</statuscode>
    </connectionreference>
    <connectionreference connectionreferencelogicalname="new_sharedcommondataserviceforapps_3d289">
      <connectionreferencedisplayname>Microsoft Dataverse</connectionreferencedisplayname>
      <connectorid>/providers/Microsoft.PowerApps/apis/shared_commondataserviceforapps</connectorid>
      <iscustomizable>1</iscustomizable>
      <promptingbehavior>0</promptingbehavior>
      <statecode>0</statecode>
      <statuscode>1</statuscode>
    </connectionreference>
    <connectionreference connectionreferencelogicalname="new_sharedilovepdf_cc818">
      <connectionreferencedisplayname>i Love PDF</connectionreferencedisplayname>
      <connectorid>/providers/Microsoft.PowerApps/apis/shared_ilovepdf</connectorid>
      <iscustomizable>1</iscustomizable>
      <promptingbehavior>0</promptingbehavior>
      <statecode>0</statecode>
      <statuscode>1</statuscode>
    </connectionreference>
    <connectionreference connectionreferencelogicalname="new_sharedonedriveforbusiness_1e39b">
      <connectionreferencedisplayname>OneDrive for Business</connectionreferencedisplayname>
      <connectorid>/providers/Microsoft.PowerApps/apis/shared_onedriveforbusiness</connectorid>
      <iscustomizable>1</iscustomizable>
      <promptingbehavior>0</promptingbehavior>
      <statecode>0</statecode>
      <statuscode>1</statuscode>
    </connectionreference>
    <connectionreference connectionreferencelogicalname="new_sharedsharepointonline_72994">
      <connectionreferencedisplayname>SharePoint</connectionreferencedisplayname>
      <connectorid>/providers/Microsoft.PowerApps/apis/shared_sharepointonline</connectorid>
      <iscustomizable>1</iscustomizable>
      <promptingbehavior>0</promptingbehavior>
      <statecode>0</statecode>
      <statuscode>1</statuscode>
    </connectionreference>
  </connectionreferences>
  <msdyn_dataflows>
    <msdyn_dataflow msdyn_dataflowid="051c68c2-bdc3-f011-bbd3-6045bddcfef9">
      <iscustomizable>1</iscustomizable>
      <msdyn_internalversion>e3a8592e-c3e8-4975-9d67-2c8b3d7a12b6</msdyn_internalversion>
      <msdyn_mashupdocument>section Section1;
shared Table1 = let
  Source = Excel.Workbook(Web.Contents("https://costplanai-my.sharepoint.com/personal/busayo_costify_ai/Documents/quota.xlsx"), null, true),
  #"Navigation 1" = Source{[Item = "Table1", Kind = "Table"]}[Data],
  #"Changed column type" = Table.TransformColumnTypes(#"Navigation 1", {{"Quota Name", type text}, {"SalesRep", type text}, {"Fiscal Period Start", type date}, {"Fiscal Period End", type date}, {"Revenue Target", Int64.Type}, {"Units Target", Int64.Type}, {"Revenue Achieved", Currency.Type}, {"Achievement %", type number}, {"IsCurrent", type logical}}),
  #"Changed column type 1" = Table.TransformColumnTypes(#"Changed column type", {{"Achievement %", Currency.Type}, {"Revenue Target", Currency.Type}}),
  #"Changed column type 2" = Table.TransformColumnTypes(#"Changed column type 1", {{"Achievement %", type number}})
in
  #"Changed column type 2";
</msdyn_mashupdocument>
      <msdyn_mashupsettings>{"QueryGroups":[],"DocumentLocale":"en-US","QueriesMetadata":{"Table1":{"QueryId":"cd1dfbd9-65fb-4c61-a3b8-2c061ea6292e","QueryName":"Table1","QueryGroupId":null,"EntityName":"pharma_QuotaTarget","LastKnownIsCalculatedEntity":false,"LastKnownIsLinkedEntity":false,"LastKnownIsParameter":false,"IsHidden":null,"LastKnownResultTypeName":"table","LoadEnabled":true,"DeleteExistingDataOnLoad":false,"FieldsMetadata":{"pharma_FiscalPeriodEnd":{"SourceColumnName":"Fiscal Period End","DestinationFieldType":"DateOnly","AutoNumberSettings":null},"pharma_FiscalPeriodStart":{"SourceColumnName":"Fiscal Period Start","DestinationFieldType":"DateOnly","AutoNumberSettings":null},"pharma_IsCurrent":{"SourceColumnName":"IsCurrent","DestinationFieldType":"Boolean","AutoNumberSettings":null},"pharma_RevenueAchieved":{"SourceColumnName":"Revenue Achieved","DestinationFieldType":"Money","AutoNumberSettings":null},"pharma_RevenueTarget":{"SourceColumnName":"Revenue Target","DestinationFieldType":"Money","AutoNumberSettings":null},"pharma_SalesRep.pharma_SalesRepName":{"SourceColumnName":"SalesRep","DestinationFieldType":"Memo","AutoNumberSettings":null},"pharma_UnitsTarget":{"SourceColumnName":"Units Target","DestinationFieldType":"Integer","AutoNumberSettings":null}},"HostProperties":{"MappingEditorProperties":"{}","ServiceFeatureFlag_EnableNewCdstEnvCommonCreate":"true","ServiceFeatureFlag_EnableNewCdstDataflowOrchestration":"True","CdsUploadExecutorKey":"CdsUploader","ServiceFeatureFlag_EnableDataflowImported":"True","StorageId":"CD000000-0000-0000-0000-0000000000CD","EnvironmentId":null},"JsonOutputDestinations":null,"BindToDefaultOutputDestination":null,"JsonIncrementalRefreshSettings":null,"JsonStagingDefinition":null}},"FastCombine":false,"AllowNativeQueries":false,"HostContext":{"Type":"CdsT","Details":{"EnvironmentId":"44a26c18-60da-eb17-a355-f8c6a805f44e"}},"HostProperties":null,"SkipAutomaticTypeAndHeaderDetection":false,"DisableAutoAnonymousConnectionUpsert":false,"AllowedModules":null,"DataflowMetadata":"{\"DataflowType\":\"Cdst\",\"DataflowId\":\"4657bace-76d9-4b37-aa7e-00f872a9a142\",\"OwnerUserId\":\"6a04c5e2-145b-4f72-85af-fc56943f8753\",\"OwnerName\":\"Bellatrix\",\"OwnerTenantId\":\"99bdaeb9-2cbc-4caf-87c0-4ef0d353e41d\",\"GatewayObjectId\":null,\"ModelSnapshotUri\":\"\",\"GroupId\":\"44a26c18-60da-eb17-a355-f8c6a805f44e\",\"DataflowState\":\"Source\",\"LastUpdateTime\":\"2026-02-02T16:18:05.6681427+00:00\",\"LastStateChangedTime\":\"2026-02-02T16:18:05.6681427+00:00\",\"CreatedTime\":\"2025-11-17T14:00:11.6354569+00:00\",\"ExpiresAfter\":null,\"AllowedModules\":null,\"UseHostConnectionProvider\":null,\"SkipAutomaticTypeAndHeaderDetection\":null,\"EditingSessionId\":null,\"HostInformation\":null,\"HostContext\":{\"Type\":\"CdsT\",\"Details\":{\"EnvironmentId\":\"44a26c18-60da-eb17-a355-f8c6a805f44e\"}},\"HostProperties\":{\"ServiceFeatureFlag_EnableNewCdstEnvCommonCreate\":\"true\",\"ServiceFeatureFlag_EnableNewCdstDataflowOrchestration\":\"True\",\"CdsUploadExecutorKey\":\"CdsUploader\",\"ServiceFeatureFlag_EnableDataflowImported\":\"True\",\"StorageId\":\"CD000000-0000-0000-0000-0000000000CD\",\"EnvironmentId\":null},\"DisableAutoAnonymousConnectionUpsert\":null,\"RelatedDataflowId\":\"77534d21-a452-439c-9058-d3b36c4846ed\",\"NotificationSettings\":{\"RefreshEmailSettings\":{\"SendMailEnabled\":false,\"EmailsList\":[]},\"DataflowWebhooks\":{}},\"TrustedConnections\":null,\"DataflowStorageId\":\"CD000000-0000-0000-0000-0000000000CD\",\"DataflowCreatedByPQInGroupId\":null,\"ConnectionOverrides\":null}","Dataflow":"{\"name\":\"New dataflow 11/17/2025, 2:56:39 PM\",\"ppdf:dataflowId\":\"4657bace-76d9-4b37-aa7e-00f872a9a142\",\"ppdf:owner\":{\"tenantId\":\"99bdaeb9-2cbc-4caf-87c0-4ef0d353e41d\",\"userId\":\"6a04c5e2-145b-4f72-85af-fc56943f8753\"},\"ppdf:fastCopy\":false,\"ppdf:parametric\":false,\"ppdf:partitionedCompute\":false,\"ppdf:allowModernEvaluationEngine\":false,\"version\":\"0\",\"culture\":\"en-US\",\"ppdf:outputFileFormat\":\"Csv\",\"pbi:mashup\":{\"fastCombine\":false,\"allowNativeQueries\":false,\"queriesMetadata\":{\"Table1\":{\"queryId\":\"cd1dfbd9-65fb-4c61-a3b8-2c061ea6292e\",\"queryName\":\"Table1\",\"entityName\":\"pharma_QuotaTarget\",\"loadEnabled\":true,\"lastKnownResultTypeName\":\"table\",\"lastKnownIsCalculatedEntity\":false,\"lastKnownIsLinkedEntity\":false,\"lastKnownIsParameter\":false,\"deleteExistingDataOnLoad\":false,\"hostProperties\":{\"MappingEditorProperties\":\"{}\",\"ServiceFeatureFlag_EnableNewCdstEnvCommonCreate\":\"true\",\"ServiceFeatureFlag_EnableNewCdstDataflowOrchestration\":\"True\",\"CdsUploadExecutorKey\":\"CdsUploader\",\"ServiceFeatureFlag_EnableDataflowImported\":\"True\",\"StorageId\":\"CD000000-0000-0000-0000-0000000000CD\",\"EnvironmentId\":null},\"fieldsMetadata\":{\"pharma_FiscalPeriodEnd\":{\"sourceColumnName\":\"Fiscal Period End\",\"destinationFieldType\":\"DateOnly\"},\"pharma_FiscalPeriodStart\":{\"sourceColumnName\":\"Fiscal Period Start\",\"destinationFieldType\":\"DateOnly\"},\"pharma_IsCurrent\":{\"sourceColumnName\":\"IsCurrent\",\"destinationFieldType\":\"Boolean\"},\"pharma_RevenueAchieved\":{\"sourceColumnName\":\"Revenue Achieved\",\"destinationFieldType\":\"Money\"},\"pharma_RevenueTarget\":{\"sourceColumnName\":\"Revenue Target\",\"destinationFieldType\":\"Money\"},\"pharma_SalesRep.pharma_SalesRepName\":{\"sourceColumnName\":\"SalesRep\",\"destinationFieldType\":\"Memo\"},\"pharma_UnitsTarget\":{\"sourceColumnName\":\"Units Target\",\"destinationFieldType\":\"Integer\"}}}},\"document\":\"section Section1;\\nshared Table1 = let\\n  Source = Excel.Workbook(Web.Contents(\\\"https://costplanai-my.sharepoint.com/personal/busayo_costify_ai/Documents/quota.xlsx\\\"), null, true),\\n  #\\\"Navigation 1\\\" = Source{[Item = \\\"Table1\\\", Kind = \\\"Table\\\"]}[Data],\\n  #\\\"Changed column type\\\" = Table.TransformColumnTypes(#\\\"Navigation 1\\\", {{\\\"Quota Name\\\", type text}, {\\\"SalesRep\\\", type text}, {\\\"Fiscal Period Start\\\", type date}, {\\\"Fiscal Period End\\\", type date}, {\\\"Revenue Target\\\", Int64.Type}, {\\\"Units Target\\\", Int64.Type}, {\\\"Revenue Achieved\\\", Currency.Type}, {\\\"Achievement %\\\", type number}, {\\\"IsCurrent\\\", type logical}}),\\n  #\\\"Changed column type 1\\\" = Table.TransformColumnTypes(#\\\"Changed column type\\\", {{\\\"Achievement %\\\", Currency.Type}, {\\\"Revenue Target\\\", Currency.Type}}),\\n  #\\\"Changed column type 2\\\" = Table.TransformColumnTypes(#\\\"Changed column type 1\\\", {{\\\"Achievement %\\\", type number}})\\nin\\n  #\\\"Changed column type 2\\\";\\n\"},\"annotations\":[{\"name\":\"pbi:QueryGroups\",\"value\":\"[]\"}]}"}</msdyn_mashupsettings>
      <msdyn_name>New dataflow 11/17/2025, 2:56:39 PM</msdyn_name>
      <msdyn_originaldataflowid>4657bace-76d9-4b37-aa7e-00f872a9a142</msdyn_originaldataflowid>
      <msdyn_refreshhistory>[{"DataflowId":"4657bace-76d9-4b37-aa7e-00f872a9a142","TransactionId":"43321b1f-1fd9-4f0d-a6a0-9bbc4faa361f","DataflowName":"New dataflow 11/17/2025, 2:56:39 PM","RequestId":"a904af9a-0b86-424a-82b7-3226db5d594f","SessionId":null,"StartTime":"2025-11-17T14:00:42.2528699+00:00","EndTime":"2025-11-17T14:02:25.3039482+00:00","RefreshType":"RefreshTypeOneTime","RefreshStatus":"Failed","ErrorInfo":{"ErrorCode":"LoadToCdsFailed","ErrorMessage":null,"RefreshTaskStatus":"LoadToCdsUserError"},"EntitiesRefreshHistory":[{"DataflowId":"4657bace-76d9-4b37-aa7e-00f872a9a142","DataflowName":"New dataflow 11/17/2025, 2:56:39 PM","EntityName":"Table1","StartTime":"2025-11-17T14:01:15.0874351+00:00","EndTime":"2025-11-17T14:02:11.3642744+00:00","RefreshStatus":"Failed","ErrorInfo":{"EvaluationResult":null,"ErrorMessage":null,"ErrorCode":null,"LoadToCdsErrorInfo":[{"ErrorCode":"CdsUserError","ErrorMessage":"{\"message\":\"A record with the specified key values does not exist in pharma_salesrep entity\",\"cdsErrorCode\":\"0x80060891\",\"HelpLink\":\"http://go.microsoft.com/fwlink/?LinkID=398563&amp;error=Microsoft.Crm.CrmException%3a80060891&amp;client=platform\",\"InnerErrorMessage\":\"A record with the specified key values does not exist in pharma_salesrep entity\",\"cdsRequestId\":\"4267835e-4be9-47bb-8fab-61865ac15e44\",\"cdsRequestUtcTime\":\"11/17/2025 2:02:02 PM\"}","CdsErrorCode":"0x80060891","RecordId":"685212e1-3116-49c0-98cc-29869405fe22","RequestUrl":"https://org6903b6cc.crm4.dynamics.com/api/data/v9.1/pharma_quotatargets{\r\n  \"pharma_fiscalperiodend\": \"2024-06-30T00:00:00+00:00\",\r\n  \"pharma_fiscalperiodstart\": \"2024-06-01T00:00:00+00:00\",\r\n  \"pharma_iscurrent\": false,\r\n  \"pharma_revenueachieved\": 25500.0,\r\n  \"pharma_revenuetarget\": 50000.0,\r\n  \"pharma_unitstarget\": 1000,\r\n  \"pharma_SalesRep@odata.bind\": \"/pharma_salesreps(pharma_salesrepname='Samuel Johnson')\"\r\n}"}]},"ExceptionInfo":null,"Warnings":[],"ErrorCount":1,"UpsertCount":0,"PartitionsRefreshHistory":[{"Name":"Table1.csv","StartTime":"2025-11-17T14:01:15.9312+00:00","EndTime":"2025-11-17T14:01:24.681308+00:00","LastUpdateTime":"2025-11-17T14:01:24.681308+00:00","RefreshStatus":"Success","ComputeEngines":[],"DataSourceStatistics":[{"DataSourceType":"Web","BytesRead":15298,"BytesWritten":0,"RowsRead":0,"RowsWritten":0},{"DataSourceType":"AzureDataLakeStorage","BytesRead":0,"BytesWritten":1597,"RowsRead":0,"RowsWritten":0}],"ErrorInfo":null,"Warnings":[],"ExceptionInfo":null}],"InsertCount":29,"GroupId":null,"UserTenantId":null}],"ActionsRefreshHistory":[],"ModelSnapshotPath":null,"GroupId":"44a26c18-60da-eb17-a355-f8c6a805f44e","UserTenantId":"99bdaeb9-2cbc-4caf-87c0-4ef0d353e41d","DataflowRefreshGatewayInformation":null}]</msdyn_refreshhistory>
      <statecode>0</statecode>
      <statuscode>1</statuscode>
    </msdyn_dataflow>
    <msdyn_dataflow msdyn_dataflowid="3527fdd1-bcc3-f011-bbd3-6045bddcfef9">
      <iscustomizable>1</iscustomizable>
      <msdyn_internalversion>3e529b5b-2d10-456a-b302-ca651b10b877</msdyn_internalversion>
      <msdyn_mashupdocument>section Section1;
shared Table1 = let
  Source = Excel.Workbook(Web.Contents("https://costplanai-my.sharepoint.com/personal/busayo_costify_ai/Documents/inventory.xlsx"), null, true),
  #"Navigation 1" = Source{[Item = "Table1", Kind = "Table"]}[Data],
  #"Changed column type" = Table.TransformColumnTypes(#"Navigation 1", {{"Product", type text}, {"Warehouse", type text}, {"QtyOnHand", Int64.Type}, {"LastUpdated", type datetime}})
in
  #"Changed column type";
</msdyn_mashupdocument>
      <msdyn_mashupsettings>{"QueryGroups":null,"DocumentLocale":"en-US","QueriesMetadata":{"Table1":{"QueryId":"e9b9ae60-1c80-47c9-8189-b7d491953998","QueryName":"Table1","QueryGroupId":null,"EntityName":"pharma_InventorySnapshot","LastKnownIsCalculatedEntity":false,"LastKnownIsLinkedEntity":false,"LastKnownIsParameter":false,"IsHidden":null,"LastKnownResultTypeName":"table","LoadEnabled":true,"DeleteExistingDataOnLoad":false,"FieldsMetadata":{"pharma_Product.pharma_ProductName":{"SourceColumnName":"Product","DestinationFieldType":"Memo","AutoNumberSettings":null},"pharma_SnapshotDate":{"SourceColumnName":"LastUpdated","DestinationFieldType":"DateAndTime","AutoNumberSettings":null},"pharma_StockQuantity":{"SourceColumnName":"QtyOnHand","DestinationFieldType":"Integer","AutoNumberSettings":null},"pharma_Warehouse":{"SourceColumnName":"Warehouse","DestinationFieldType":"Memo","AutoNumberSettings":null}},"HostProperties":{"MappingEditorProperties":"{}","ServiceFeatureFlag_EnableNewCdstEnvCommonCreate":"true","ServiceFeatureFlag_EnableNewCdstDataflowOrchestration":"True","CdsUploadExecutorKey":"CdsUploader","DmsVersionKey":"0","ServiceFeatureFlag_EnableDataflowImported":"True","StorageId":"CD000000-0000-0000-0000-0000000000CD","EnvironmentId":null},"JsonOutputDestinations":null,"BindToDefaultOutputDestination":null,"JsonIncrementalRefreshSettings":null,"JsonStagingDefinition":null}},"FastCombine":false,"AllowNativeQueries":false,"HostContext":{"Type":"CdsT","Details":{"EnvironmentId":"44a26c18-60da-eb17-a355-f8c6a805f44e"}},"HostProperties":null,"SkipAutomaticTypeAndHeaderDetection":false,"DisableAutoAnonymousConnectionUpsert":false,"AllowedModules":null,"DataflowMetadata":"{\"DataflowType\":\"Cdst\",\"DataflowId\":\"94eb5f81-b5f9-429e-8bd7-906f67055ae9\",\"OwnerUserId\":\"6a04c5e2-145b-4f72-85af-fc56943f8753\",\"OwnerName\":\"Unknown\",\"OwnerTenantId\":\"99bdaeb9-2cbc-4caf-87c0-4ef0d353e41d\",\"GatewayObjectId\":null,\"ModelSnapshotUri\":\"\",\"GroupId\":\"44a26c18-60da-eb17-a355-f8c6a805f44e\",\"DataflowState\":\"Source\",\"LastUpdateTime\":\"2026-02-02T16:18:05.3712615+00:00\",\"LastStateChangedTime\":\"2026-02-02T16:18:05.3712615+00:00\",\"CreatedTime\":\"2025-11-17T13:53:10.1377725+00:00\",\"ExpiresAfter\":\"2025-11-19T12:53:10.1354762+00:00\",\"AllowedModules\":null,\"UseHostConnectionProvider\":null,\"SkipAutomaticTypeAndHeaderDetection\":null,\"EditingSessionId\":null,\"HostInformation\":null,\"HostContext\":{\"Type\":\"CdsT\",\"Details\":{\"EnvironmentId\":\"44a26c18-60da-eb17-a355-f8c6a805f44e\"}},\"HostProperties\":{\"ServiceFeatureFlag_EnableNewCdstEnvCommonCreate\":\"true\",\"ServiceFeatureFlag_EnableNewCdstDataflowOrchestration\":\"True\",\"CdsUploadExecutorKey\":\"CdsUploader\",\"DmsVersionKey\":\"0\",\"ServiceFeatureFlag_EnableDataflowImported\":\"True\",\"StorageId\":\"CD000000-0000-0000-0000-0000000000CD\",\"EnvironmentId\":null},\"DisableAutoAnonymousConnectionUpsert\":null,\"RelatedDataflowId\":\"1a4c38c0-d1f5-4bf2-86c1-b4918beff703\",\"NotificationSettings\":{\"RefreshEmailSettings\":{\"SendMailEnabled\":false,\"EmailsList\":[]},\"DataflowWebhooks\":{}},\"DataflowPublishMetadata\":{\"PublishStatus\":\"Published\",\"ErrorInfo\":null,\"PublishVersion\":\"2025-11-17T13:55:26.3217963+00:00\",\"LastUpdateTime\":\"2025-11-17T13:55:37.2180396+00:00\",\"LastPublishedTime\":\"2025-11-17T13:55:37.2180396+00:00\",\"SessionId\":null,\"RequestId\":null},\"TrustedConnections\":null,\"DataflowStorageId\":\"CD000000-0000-0000-0000-0000000000CD\",\"DataflowCreatedByPQInGroupId\":null,\"ConnectionOverrides\":null}","Dataflow":"{\"name\":\"New dataflow 11/17/2025, 2:53:06 PM\",\"ppdf:dataflowId\":\"94eb5f81-b5f9-429e-8bd7-906f67055ae9\",\"ppdf:owner\":{\"tenantId\":\"99bdaeb9-2cbc-4caf-87c0-4ef0d353e41d\",\"userId\":\"6a04c5e2-145b-4f72-85af-fc56943f8753\"},\"ppdf:fastCopy\":false,\"ppdf:parametric\":false,\"ppdf:partitionedCompute\":false,\"ppdf:allowModernEvaluationEngine\":false,\"version\":\"0\",\"culture\":\"en-US\",\"ppdf:outputFileFormat\":\"Csv\",\"pbi:mashup\":{\"fastCombine\":false,\"allowNativeQueries\":false,\"queriesMetadata\":{\"Table1\":{\"queryId\":\"e9b9ae60-1c80-47c9-8189-b7d491953998\",\"queryName\":\"Table1\",\"entityName\":\"pharma_InventorySnapshot\",\"loadEnabled\":true,\"lastKnownResultTypeName\":\"table\",\"lastKnownIsCalculatedEntity\":false,\"lastKnownIsLinkedEntity\":false,\"lastKnownIsParameter\":false,\"deleteExistingDataOnLoad\":false,\"hostProperties\":{\"MappingEditorProperties\":\"{}\",\"ServiceFeatureFlag_EnableNewCdstEnvCommonCreate\":\"true\",\"ServiceFeatureFlag_EnableNewCdstDataflowOrchestration\":\"True\",\"CdsUploadExecutorKey\":\"CdsUploader\",\"DmsVersionKey\":\"0\",\"ServiceFeatureFlag_EnableDataflowImported\":\"True\",\"StorageId\":\"CD000000-0000-0000-0000-0000000000CD\",\"EnvironmentId\":null},\"fieldsMetadata\":{\"pharma_Product.pharma_ProductName\":{\"sourceColumnName\":\"Product\",\"destinationFieldType\":\"Memo\"},\"pharma_SnapshotDate\":{\"sourceColumnName\":\"LastUpdated\",\"destinationFieldType\":\"DateAndTime\"},\"pharma_StockQuantity\":{\"sourceColumnName\":\"QtyOnHand\",\"destinationFieldType\":\"Integer\"},\"pharma_Warehouse\":{\"sourceColumnName\":\"Warehouse\",\"destinationFieldType\":\"Memo\"}}}},\"document\":\"section Section1;\\nshared Table1 = let\\n  Source = Excel.Workbook(Web.Contents(\\\"https://costplanai-my.sharepoint.com/personal/busayo_costify_ai/Documents/inventory.xlsx\\\"), null, true),\\n  #\\\"Navigation 1\\\" = Source{[Item = \\\"Table1\\\", Kind = \\\"Table\\\"]}[Data],\\n  #\\\"Changed column type\\\" = Table.TransformColumnTypes(#\\\"Navigation 1\\\", {{\\\"Product\\\", type text}, {\\\"Warehouse\\\", type text}, {\\\"QtyOnHand\\\", Int64.Type}, {\\\"LastUpdated\\\", type datetime}})\\nin\\n  #\\\"Changed column type\\\";\\n\"},\"annotations\":[{\"name\":\"pbi:QueryGroups\",\"value\":\"null\"}]}"}</msdyn_mashupsettings>
      <msdyn_name>New dataflow 11/17/2025, 2:53:06 PM</msdyn_name>
      <msdyn_originaldataflowid>94eb5f81-b5f9-429e-8bd7-906f67055ae9</msdyn_originaldataflowid>
      <statecode>0</statecode>
      <statuscode>1</statuscode>
    </msdyn_dataflow>
    <msdyn_dataflow msdyn_dataflowid="3763d708-c8bc-f011-bbd3-6045bddcfef9">
      <iscustomizable>1</iscustomizable>
      <msdyn_internalversion>e418f660-903e-4a97-a8bd-050dff4a6cea</msdyn_internalversion>
      <msdyn_mashupdocument>section Section1;
shared opportunity_line = let
  Source = Excel.Workbook(Web.Contents("https://costplanai-my.sharepoint.com/personal/busayo_costify_ai/Documents/opportunity_line.xlsx"), null, true),
  #"Navigation 1" = Source{[Item = "opportunity_line", Kind = "Sheet"]}[Data],
  #"Promoted headers" = Table.PromoteHeaders(#"Navigation 1", [PromoteAllScalars = true]),
  #"Changed column type" = Table.TransformColumnTypes(#"Promoted headers", {{"Opportunity", type text}, {"Product", type text}, {"Quantity", Int64.Type}, {"Unit Price", type number}, {"Line Total", type number}}),
  #"Changed column type 1" = Table.TransformColumnTypes(#"Changed column type", {{"Unit Price", Currency.Type}, {"Line Total", Currency.Type}}),
  #"Changed column type 2" = Table.TransformColumnTypes(#"Changed column type 1", {{"Line Total", type number}})
in
  #"Changed column type 2";
</msdyn_mashupdocument>
      <msdyn_mashupsettings>{"QueryGroups":null,"DocumentLocale":"en-US","QueriesMetadata":{"opportunity_line":{"QueryId":"447a2ba3-2559-48cd-95fa-d51dec6fe900","QueryName":"opportunity_line","QueryGroupId":null,"EntityName":null,"LastKnownIsCalculatedEntity":null,"LastKnownIsLinkedEntity":null,"LastKnownIsParameter":null,"IsHidden":null,"LastKnownResultTypeName":null,"LoadEnabled":true,"DeleteExistingDataOnLoad":false,"FieldsMetadata":{},"HostProperties":{"ServiceFeatureFlag_EnableNewCdstEnvCommonCreate":"true","ServiceFeatureFlag_EnableNewCdstDataflowOrchestration":"True","ServiceFeatureFlag_EnableDataflowImported":"True","StorageId":"CD000000-0000-0000-0000-0000000000CD","EnvironmentId":null},"JsonOutputDestinations":null,"BindToDefaultOutputDestination":null,"JsonIncrementalRefreshSettings":null,"JsonStagingDefinition":null}},"FastCombine":false,"AllowNativeQueries":false,"HostContext":{"Type":"CdsT","Details":{"EnvironmentId":"44a26c18-60da-eb17-a355-f8c6a805f44e"}},"HostProperties":null,"SkipAutomaticTypeAndHeaderDetection":false,"DisableAutoAnonymousConnectionUpsert":false,"AllowedModules":null,"DataflowMetadata":"{\"DataflowType\":\"Cdst\",\"DataflowId\":\"f5451511-7854-47e6-bf00-e96b74c51e6e\",\"OwnerUserId\":\"6a04c5e2-145b-4f72-85af-fc56943f8753\",\"OwnerName\":\"Unknown\",\"OwnerTenantId\":\"99bdaeb9-2cbc-4caf-87c0-4ef0d353e41d\",\"GatewayObjectId\":null,\"ModelSnapshotUri\":\"\",\"GroupId\":\"44a26c18-60da-eb17-a355-f8c6a805f44e\",\"DataflowState\":\"Source\",\"LastUpdateTime\":\"2026-02-02T16:18:05.59908+00:00\",\"LastStateChangedTime\":\"2026-02-02T16:18:05.59908+00:00\",\"CreatedTime\":\"2025-11-08T17:25:46.3493694+00:00\",\"ExpiresAfter\":\"2025-11-10T16:25:46.3468501+00:00\",\"AllowedModules\":null,\"UseHostConnectionProvider\":null,\"SkipAutomaticTypeAndHeaderDetection\":null,\"EditingSessionId\":null,\"HostInformation\":null,\"HostContext\":{\"Type\":\"CdsT\",\"Details\":{\"EnvironmentId\":\"44a26c18-60da-eb17-a355-f8c6a805f44e\"}},\"HostProperties\":{\"ServiceFeatureFlag_EnableNewCdstEnvCommonCreate\":\"true\",\"ServiceFeatureFlag_EnableNewCdstDataflowOrchestration\":\"True\",\"ServiceFeatureFlag_EnableDataflowImported\":\"True\",\"StorageId\":\"CD000000-0000-0000-0000-0000000000CD\",\"EnvironmentId\":null},\"DisableAutoAnonymousConnectionUpsert\":null,\"RelatedDataflowId\":null,\"TrustedConnections\":null,\"DataflowStorageId\":\"CD000000-0000-0000-0000-0000000000CD\",\"DataflowCreatedByPQInGroupId\":null,\"ConnectionOverrides\":null}","Dataflow":"{\"name\":\"New dataflow 11/8/2025, 6:25:33 PM\",\"ppdf:dataflowId\":\"f5451511-7854-47e6-bf00-e96b74c51e6e\",\"ppdf:owner\":{\"tenantId\":\"99bdaeb9-2cbc-4caf-87c0-4ef0d353e41d\",\"userId\":\"6a04c5e2-145b-4f72-85af-fc56943f8753\"},\"ppdf:fastCopy\":false,\"ppdf:parametric\":false,\"ppdf:partitionedCompute\":false,\"ppdf:allowModernEvaluationEngine\":false,\"version\":\"0\",\"culture\":\"en-US\",\"ppdf:outputFileFormat\":\"Csv\",\"pbi:mashup\":{\"fastCombine\":false,\"allowNativeQueries\":false,\"queriesMetadata\":{\"opportunity_line\":{\"queryId\":\"447a2ba3-2559-48cd-95fa-d51dec6fe900\",\"queryName\":\"opportunity_line\",\"loadEnabled\":true,\"deleteExistingDataOnLoad\":false,\"hostProperties\":{\"ServiceFeatureFlag_EnableNewCdstEnvCommonCreate\":\"true\",\"ServiceFeatureFlag_EnableNewCdstDataflowOrchestration\":\"True\",\"ServiceFeatureFlag_EnableDataflowImported\":\"True\",\"StorageId\":\"CD000000-0000-0000-0000-0000000000CD\",\"EnvironmentId\":null}}},\"document\":\"section Section1;\\nshared opportunity_line = let\\n  Source = Excel.Workbook(Web.Contents(\\\"https://costplanai-my.sharepoint.com/personal/busayo_costify_ai/Documents/opportunity_line.xlsx\\\"), null, true),\\n  #\\\"Navigation 1\\\" = Source{[Item = \\\"opportunity_line\\\", Kind = \\\"Sheet\\\"]}[Data],\\n  #\\\"Promoted headers\\\" = Table.PromoteHeaders(#\\\"Navigation 1\\\", [PromoteAllScalars = true]),\\n  #\\\"Changed column type\\\" = Table.TransformColumnTypes(#\\\"Promoted headers\\\", {{\\\"Opportunity\\\", type text}, {\\\"Product\\\", type text}, {\\\"Quantity\\\", Int64.Type}, {\\\"Unit Price\\\", type number}, {\\\"Line Total\\\", type number}}),\\n  #\\\"Changed column type 1\\\" = Table.TransformColumnTypes(#\\\"Changed column type\\\", {{\\\"Unit Price\\\", Currency.Type}, {\\\"Line Total\\\", Currency.Type}}),\\n  #\\\"Changed column type 2\\\" = Table.TransformColumnTypes(#\\\"Changed column type 1\\\", {{\\\"Line Total\\\", type number}})\\nin\\n  #\\\"Changed column type 2\\\";\\n\"},\"annotations\":[{\"name\":\"pbi:QueryGroups\",\"value\":\"null\"}]}"}</msdyn_mashupsettings>
      <msdyn_name>New dataflow 11/8/2025, 6:25:33 PM</msdyn_name>
      <msdyn_originaldataflowid>f5451511-7854-47e6-bf00-e96b74c51e6e</msdyn_originaldataflowid>
      <statecode>0</statecode>
      <statuscode>1</statuscode>
    </msdyn_dataflow>
    <msdyn_dataflow msdyn_dataflowid="40b1aa83-ccbc-f011-bbd3-6045bddcfef9">
      <iscustomizable>1</iscustomizable>
      <msdyn_internalversion>7962dd5d-ebcd-4690-be47-6bcf64daccff</msdyn_internalversion>
      <msdyn_mashupdocument>section Section1;
shared call_log = let
  Source = Excel.Workbook(Web.Contents("https://costplanai-my.sharepoint.com/personal/busayo_costify_ai/Documents/call_log.xlsx"), null, true),
  #"Navigation 1" = Source{[Item = "call_log", Kind = "Sheet"]}[Data],
  #"Promoted headers" = Table.PromoteHeaders(#"Navigation 1", [PromoteAllScalars = true]),
  #"Changed column type" = Table.TransformColumnTypes(#"Promoted headers", {{"Call Reference", type text}, {"Owner (SalesRep)", type text}, {"Account", type text}, {"Contact", type text}, {"Call Type", type text}, {"Call DateTime", type datetime}, {"Duration Minutes", Int64.Type}, {"Outcome", type text}, {"Notes", type text}, {"Next Follow-up Date", type datetime}, {"GPS Location", type text}, {"Linked Opportunity", type text}, {"Sync Status", type text}})
in
  #"Changed column type";
</msdyn_mashupdocument>
      <msdyn_mashupsettings>{"QueryGroups":[],"DocumentLocale":"en-US","QueriesMetadata":{"call_log":{"QueryId":"b1d73dde-fd5a-4217-8fd1-9123b70ac028","QueryName":"call_log","QueryGroupId":null,"EntityName":"pharma_CallLog","LastKnownIsCalculatedEntity":false,"LastKnownIsLinkedEntity":false,"LastKnownIsParameter":false,"IsHidden":null,"LastKnownResultTypeName":"table","LoadEnabled":true,"DeleteExistingDataOnLoad":false,"FieldsMetadata":{"pharma_CallDate":{"SourceColumnName":"Call DateTime","DestinationFieldType":"DateAndTime","AutoNumberSettings":null},"pharma_CallType":{"SourceColumnName":"Call Type","DestinationFieldType":"Memo","AutoNumberSettings":null},"pharma_DurationMinutes":{"SourceColumnName":"Duration Minutes","DestinationFieldType":"Integer","AutoNumberSettings":null},"pharma_GPS":{"SourceColumnName":"GPS Location","DestinationFieldType":"Memo","AutoNumberSettings":null},"pharma_LinkedOpportunity.pharma_OpportunityName":{"SourceColumnName":"Linked Opportunity","DestinationFieldType":"Memo","AutoNumberSettings":null},"pharma_Nextfollowup":{"SourceColumnName":"Next Follow-up Date","DestinationFieldType":"DateAndTime","AutoNumberSettings":null},"pharma_Notes":{"SourceColumnName":"Notes","DestinationFieldType":"Memo","AutoNumberSettings":null},"pharma_Outcome":{"SourceColumnName":"Outcome","DestinationFieldType":"Memo","AutoNumberSettings":null},"pharma_Owner.pharma_SalesRepName":{"SourceColumnName":"Owner (SalesRep)","DestinationFieldType":"Memo","AutoNumberSettings":null},"pharma_SyncStatus":{"SourceColumnName":"Sync Status","DestinationFieldType":"Memo","AutoNumberSettings":null}},"HostProperties":{"MappingEditorProperties":"{}","ServiceFeatureFlag_EnableNewCdstEnvCommonCreate":"true","ServiceFeatureFlag_EnableNewCdstDataflowOrchestration":"True","CdsUploadExecutorKey":"CdsUploader","DmsVersionKey":"0","ServiceFeatureFlag_EnableDataflowImported":"True","StorageId":"CD000000-0000-0000-0000-0000000000CD","EnvironmentId":null},"JsonOutputDestinations":null,"BindToDefaultOutputDestination":null,"JsonIncrementalRefreshSettings":null,"JsonStagingDefinition":null}},"FastCombine":false,"AllowNativeQueries":false,"HostContext":{"Type":"CdsT","Details":{"EnvironmentId":"44a26c18-60da-eb17-a355-f8c6a805f44e"}},"HostProperties":null,"SkipAutomaticTypeAndHeaderDetection":false,"DisableAutoAnonymousConnectionUpsert":false,"AllowedModules":null,"DataflowMetadata":"{\"DataflowType\":\"Cdst\",\"DataflowId\":\"746f0e38-2a24-4448-aa77-43db424d7e47\",\"OwnerUserId\":\"6a04c5e2-145b-4f72-85af-fc56943f8753\",\"OwnerName\":\"Bellatrix\",\"OwnerTenantId\":\"99bdaeb9-2cbc-4caf-87c0-4ef0d353e41d\",\"GatewayObjectId\":null,\"ModelSnapshotUri\":\"\",\"GroupId\":\"44a26c18-60da-eb17-a355-f8c6a805f44e\",\"DataflowState\":\"Source\",\"LastUpdateTime\":\"2026-02-02T16:18:05.8090988+00:00\",\"LastStateChangedTime\":\"2026-02-02T16:18:05.8090988+00:00\",\"CreatedTime\":\"2025-11-08T17:58:21.2081507+00:00\",\"ExpiresAfter\":null,\"AllowedModules\":null,\"UseHostConnectionProvider\":null,\"SkipAutomaticTypeAndHeaderDetection\":null,\"EditingSessionId\":null,\"HostInformation\":null,\"HostContext\":{\"Type\":\"CdsT\",\"Details\":{\"EnvironmentId\":\"44a26c18-60da-eb17-a355-f8c6a805f44e\"}},\"HostProperties\":{\"ServiceFeatureFlag_EnableNewCdstEnvCommonCreate\":\"true\",\"ServiceFeatureFlag_EnableNewCdstDataflowOrchestration\":\"True\",\"CdsUploadExecutorKey\":\"CdsUploader\",\"DmsVersionKey\":\"0\",\"ServiceFeatureFlag_EnableDataflowImported\":\"True\",\"StorageId\":\"CD000000-0000-0000-0000-0000000000CD\",\"EnvironmentId\":null},\"DisableAutoAnonymousConnectionUpsert\":null,\"RelatedDataflowId\":\"2e47dfa7-b80b-4439-8b14-8704a95b4691\",\"NotificationSettings\":{\"RefreshEmailSettings\":{\"SendMailEnabled\":false,\"EmailsList\":[]},\"DataflowWebhooks\":{}},\"TrustedConnections\":null,\"DataflowStorageId\":\"CD000000-0000-0000-0000-0000000000CD\",\"DataflowCreatedByPQInGroupId\":null,\"ConnectionOverrides\":null}","Dataflow":"{\"name\":\"New dataflow 11/8/2025, 6:53:46 PM\",\"ppdf:dataflowId\":\"746f0e38-2a24-4448-aa77-43db424d7e47\",\"ppdf:owner\":{\"tenantId\":\"99bdaeb9-2cbc-4caf-87c0-4ef0d353e41d\",\"userId\":\"6a04c5e2-145b-4f72-85af-fc56943f8753\"},\"ppdf:fastCopy\":false,\"ppdf:parametric\":false,\"ppdf:partitionedCompute\":false,\"ppdf:allowModernEvaluationEngine\":false,\"version\":\"0\",\"culture\":\"en-US\",\"ppdf:outputFileFormat\":\"Csv\",\"pbi:mashup\":{\"fastCombine\":false,\"allowNativeQueries\":false,\"queriesMetadata\":{\"call_log\":{\"queryId\":\"b1d73dde-fd5a-4217-8fd1-9123b70ac028\",\"queryName\":\"call_log\",\"entityName\":\"pharma_CallLog\",\"loadEnabled\":true,\"lastKnownResultTypeName\":\"table\",\"lastKnownIsCalculatedEntity\":false,\"lastKnownIsLinkedEntity\":false,\"lastKnownIsParameter\":false,\"deleteExistingDataOnLoad\":false,\"hostProperties\":{\"MappingEditorProperties\":\"{}\",\"ServiceFeatureFlag_EnableNewCdstEnvCommonCreate\":\"true\",\"ServiceFeatureFlag_EnableNewCdstDataflowOrchestration\":\"True\",\"CdsUploadExecutorKey\":\"CdsUploader\",\"DmsVersionKey\":\"0\",\"ServiceFeatureFlag_EnableDataflowImported\":\"True\",\"StorageId\":\"CD000000-0000-0000-0000-0000000000CD\",\"EnvironmentId\":null},\"fieldsMetadata\":{\"pharma_CallDate\":{\"sourceColumnName\":\"Call DateTime\",\"destinationFieldType\":\"DateAndTime\"},\"pharma_CallType\":{\"sourceColumnName\":\"Call Type\",\"destinationFieldType\":\"Memo\"},\"pharma_DurationMinutes\":{\"sourceColumnName\":\"Duration Minutes\",\"destinationFieldType\":\"Integer\"},\"pharma_GPS\":{\"sourceColumnName\":\"GPS Location\",\"destinationFieldType\":\"Memo\"},\"pharma_LinkedOpportunity.pharma_OpportunityName\":{\"sourceColumnName\":\"Linked Opportunity\",\"destinationFieldType\":\"Memo\"},\"pharma_Nextfollowup\":{\"sourceColumnName\":\"Next Follow-up Date\",\"destinationFieldType\":\"DateAndTime\"},\"pharma_Notes\":{\"sourceColumnName\":\"Notes\",\"destinationFieldType\":\"Memo\"},\"pharma_Outcome\":{\"sourceColumnName\":\"Outcome\",\"destinationFieldType\":\"Memo\"},\"pharma_Owner.pharma_SalesRepName\":{\"sourceColumnName\":\"Owner (SalesRep)\",\"destinationFieldType\":\"Memo\"},\"pharma_SyncStatus\":{\"sourceColumnName\":\"Sync Status\",\"destinationFieldType\":\"Memo\"}}}},\"document\":\"section Section1;\\nshared call_log = let\\n  Source = Excel.Workbook(Web.Contents(\\\"https://costplanai-my.sharepoint.com/personal/busayo_costify_ai/Documents/call_log.xlsx\\\"), null, true),\\n  #\\\"Navigation 1\\\" = Source{[Item = \\\"call_log\\\", Kind = \\\"Sheet\\\"]}[Data],\\n  #\\\"Promoted headers\\\" = Table.PromoteHeaders(#\\\"Navigation 1\\\", [PromoteAllScalars = true]),\\n  #\\\"Changed column type\\\" = Table.TransformColumnTypes(#\\\"Promoted headers\\\", {{\\\"Call Reference\\\", type text}, {\\\"Owner (SalesRep)\\\", type text}, {\\\"Account\\\", type text}, {\\\"Contact\\\", type text}, {\\\"Call Type\\\", type text}, {\\\"Call DateTime\\\", type datetime}, {\\\"Duration Minutes\\\", Int64.Type}, {\\\"Outcome\\\", type text}, {\\\"Notes\\\", type text}, {\\\"Next Follow-up Date\\\", type datetime}, {\\\"GPS Location\\\", type text}, {\\\"Linked Opportunity\\\", type text}, {\\\"Sync Status\\\", type text}})\\nin\\n  #\\\"Changed column type\\\";\\n\"},\"annotations\":[{\"name\":\"pbi:QueryGroups\",\"value\":\"[]\"}]}"}</msdyn_mashupsettings>
      <msdyn_name>New dataflow 11/8/2025, 6:53:46 PM</msdyn_name>
      <msdyn_originaldataflowid>746f0e38-2a24-4448-aa77-43db424d7e47</msdyn_originaldataflowid>
      <msdyn_refreshhistory>[{"DataflowId":"746f0e38-2a24-4448-aa77-43db424d7e47","TransactionId":"8af4e23c-c227-4d1c-aaac-91280f480d49","DataflowName":"New dataflow 11/8/2025, 6:53:46 PM","RequestId":"a4a9ef70-ed90-4105-87cf-722b06b09bb6","SessionId":null,"StartTime":"2025-11-08T17:58:31.9820143+00:00","EndTime":"2025-11-08T17:59:11.2627494+00:00","RefreshType":"RefreshTypeOneTime","RefreshStatus":"Failed","ErrorInfo":{"ErrorCode":"LoadToCdsFailed","ErrorMessage":null,"RefreshTaskStatus":"LoadToCdsUserError"},"EntitiesRefreshHistory":[{"DataflowId":"746f0e38-2a24-4448-aa77-43db424d7e47","DataflowName":"New dataflow 11/8/2025, 6:53:46 PM","EntityName":"call_log","StartTime":"2025-11-08T17:58:45.1842013+00:00","EndTime":"2025-11-08T17:59:09.7115224+00:00","RefreshStatus":"Failed","ErrorInfo":{"EvaluationResult":null,"ErrorMessage":null,"ErrorCode":null,"LoadToCdsErrorInfo":[{"ErrorCode":"CdsUserError","ErrorMessage":"Table pharma_CallLog field pharma_outcome is a pharma_calllog_pharma_outcome Choice data type. The value Sample Requested is not a valid value for the pharma_outcome choice field.","CdsErrorCode":"ChoiceValueDoesNotExistsErrorCode","RecordId":"f4e9cdbc-d787-4872-8ebf-1be674355984","RequestUrl":null},{"ErrorCode":"CdsUserError","ErrorMessage":"Table pharma_CallLog field pharma_calltype is a pharma_calllog_pharma_calltype Choice data type. The value FollowUp is not a valid value for the pharma_calltype choice field.","CdsErrorCode":"ChoiceValueDoesNotExistsErrorCode","RecordId":"70d3d4e7-cd00-4db7-8127-4e19bd242d3f","RequestUrl":null},{"ErrorCode":"CdsUserError","ErrorMessage":"{\"message\":\"A record with the specified key values does not exist in pharma_opportunity entity\",\"cdsErrorCode\":\"0x80060891\",\"HelpLink\":\"http://go.microsoft.com/fwlink/?LinkID=398563&amp;error=Microsoft.Crm.CrmException%3a80060891&amp;client=platform\",\"InnerErrorMessage\":\"A record with the specified key values does not exist in pharma_opportunity entity\",\"cdsRequestId\":\"9bfbd67b-8aa2-4a6c-a921-2078c0117fe6\",\"cdsRequestUtcTime\":\"11/8/2025 5:59:06 PM\"}","CdsErrorCode":"0x80060891","RecordId":"a2cd3c13-8347-43f0-85dc-e641128212ac","RequestUrl":"https://org6903b6cc.crm4.dynamics.com/api/data/v9.1/pharma_calllogs{\r\n  \"pharma_calldate\": \"2024-06-01T10:00:00+00:00\",\r\n  \"pharma_calltype\": \"540350000\",\r\n  \"pharma_durationminutes\": 30,\r\n  \"pharma_nextfollowup\": \"2024-06-15T14:00:00+00:00\",\r\n  \"pharma_notes\": \"Discussed new product line.\",\r\n  \"pharma_outcome\": \"540350001\",\r\n  \"pharma_syncstatus\": \"540350000\",\r\n  \"pharma_LinkedOpportunity@odata.bind\": \"/pharma_opportunities(pharma_opportunityname='Hospital Expansion Project')\"\r\n}"},{"ErrorCode":"CdsUserError","ErrorMessage":"Table pharma_CallLog field pharma_outcome is a pharma_calllog_pharma_outcome Choice data type. The value No interest is not a valid value for the pharma_outcome choice field.","CdsErrorCode":"ChoiceValueDoesNotExistsErrorCode","RecordId":"8ffb1ac3-ed1e-4705-85fc-5563b1ef30be","RequestUrl":null},{"ErrorCode":"CdsUserError","ErrorMessage":"Table pharma_CallLog field pharma_outcome is a pharma_calllog_pharma_outcome Choice data type. The value Sample Requested is not a valid value for the pharma_outcome choice field.","CdsErrorCode":"ChoiceValueDoesNotExistsErrorCode","RecordId":"aec869c7-53ff-4687-8358-860c893e9d4b","RequestUrl":null},{"ErrorCode":"CdsUserError","ErrorMessage":"Table pharma_CallLog field pharma_calltype is a pharma_calllog_pharma_calltype Choice data type. The value FollowUp is not a valid value for the pharma_calltype choice field.","CdsErrorCode":"ChoiceValueDoesNotExistsErrorCode","RecordId":"73ea26dc-5c1c-4f65-bfbc-7c1939b5d992","RequestUrl":null},{"ErrorCode":"CdsUserError","ErrorMessage":"Table pharma_CallLog field pharma_outcome is a pharma_calllog_pharma_outcome Choice data type. The value Sample Requested is not a valid value for the pharma_outcome choice field.","CdsErrorCode":"ChoiceValueDoesNotExistsErrorCode","RecordId":"0074ab2f-2e97-4896-b913-dbbaa3822231","RequestUrl":null},{"ErrorCode":"CdsUserError","ErrorMessage":"Table pharma_CallLog field pharma_outcome is a pharma_calllog_pharma_outcome Choice data type. The value Won is not a valid value for the pharma_outcome choice field.","CdsErrorCode":"ChoiceValueDoesNotExistsErrorCode","RecordId":"8a8a33cf-7ddc-468a-907c-e161a5d07f5c","RequestUrl":null},{"ErrorCode":"CdsUserError","ErrorMessage":"Table pharma_CallLog field pharma_calltype is a pharma_calllog_pharma_calltype Choice data type. The value FollowUp is not a valid value for the pharma_calltype choice field.","CdsErrorCode":"ChoiceValueDoesNotExistsErrorCode","RecordId":"08f598bd-9323-4d91-a6a0-74a024cfdac6","RequestUrl":null},{"ErrorCode":"CdsUserError","ErrorMessage":"Table pharma_CallLog field pharma_outcome is a pharma_calllog_pharma_outcome Choice data type. The value No interest is not a valid value for the pharma_outcome choice field.","CdsErrorCode":"ChoiceValueDoesNotExistsErrorCode","RecordId":"fd2c4c41-0888-41cb-8846-adc40c08b3f3","RequestUrl":null},{"ErrorCode":"CdsUserError","ErrorMessage":"Table pharma_CallLog field pharma_outcome is a pharma_calllog_pharma_outcome Choice data type. The value Sample Requested is not a valid value for the pharma_outcome choice field.","CdsErrorCode":"ChoiceValueDoesNotExistsErrorCode","RecordId":"f6a2df50-163d-427c-92be-bff96eafe0a0","RequestUrl":null},{"ErrorCode":"CdsUserError","ErrorMessage":"Table pharma_CallLog field pharma_calltype is a pharma_calllog_pharma_calltype Choice data type. The value FollowUp is not a valid value for the pharma_calltype choice field.","CdsErrorCode":"ChoiceValueDoesNotExistsErrorCode","RecordId":"98f6e926-8845-43a4-a02e-b2c2415979cc","RequestUrl":null},{"ErrorCode":"CdsUserError","ErrorMessage":"Table pharma_CallLog field pharma_outcome is a pharma_calllog_pharma_outcome Choice data type. The value No interest is not a valid value for the pharma_outcome choice field.","CdsErrorCode":"ChoiceValueDoesNotExistsErrorCode","RecordId":"dfb2f5c0-c12d-49eb-858d-5cb007bb9c29","RequestUrl":null},{"ErrorCode":"CdsUserError","ErrorMessage":"Table pharma_CallLog field pharma_outcome is a pharma_calllog_pharma_outcome Choice data type. The value Won is not a valid value for the pharma_outcome choice field.","CdsErrorCode":"ChoiceValueDoesNotExistsErrorCode","RecordId":"92086754-01e0-4269-8467-c39f07048124","RequestUrl":null}]},"ExceptionInfo":null,"Warnings":[],"ErrorCount":14,"UpsertCount":0,"PartitionsRefreshHistory":[{"Name":"call_log.csv","StartTime":"2025-11-08T17:58:45.1997717+00:00","EndTime":"2025-11-08T17:58:50.2623848+00:00","LastUpdateTime":"2025-11-08T17:58:50.2623848+00:00","RefreshStatus":"Success","ComputeEngines":[],"DataSourceStatistics":[{"DataSourceType":"Web","BytesRead":8718,"BytesWritten":0,"RowsRead":0,"RowsWritten":0},{"DataSourceType":"AzureDataLakeStorage","BytesRead":0,"BytesWritten":2826,"RowsRead":0,"RowsWritten":0}],"ErrorInfo":null,"Warnings":[],"ExceptionInfo":null}],"InsertCount":8,"GroupId":null,"UserTenantId":null}],"ActionsRefreshHistory":[],"ModelSnapshotPath":null,"GroupId":"44a26c18-60da-eb17-a355-f8c6a805f44e","UserTenantId":"99bdaeb9-2cbc-4caf-87c0-4ef0d353e41d","DataflowRefreshGatewayInformation":null},{"DataflowId":"746f0e38-2a24-4448-aa77-43db424d7e47","TransactionId":"25f2b342-15e9-4a4d-86dc-47baf44b00bc","DataflowName":"New dataflow 11/8/2025, 6:53:46 PM","RequestId":"f895dee4-98da-4594-a881-7781a9b52008","SessionId":null,"StartTime":"2025-11-08T18:16:32.3113208+00:00","EndTime":"2025-11-08T18:17:06.4033748+00:00","RefreshType":"RefreshTypeOneTime","RefreshStatus":"Failed","ErrorInfo":{"ErrorCode":"LoadToCdsFailed","ErrorMessage":null,"RefreshTaskStatus":"LoadToCdsUserError"},"EntitiesRefreshHistory":[{"DataflowId":"746f0e38-2a24-4448-aa77-43db424d7e47","DataflowName":"New dataflow 11/8/2025, 6:53:46 PM","EntityName":"call_log","StartTime":"2025-11-08T18:16:42.5556674+00:00","EndTime":"2025-11-08T18:16:56.4553381+00:00","RefreshStatus":"Failed","ErrorInfo":{"EvaluationResult":null,"ErrorMessage":null,"ErrorCode":null,"LoadToCdsErrorInfo":[{"ErrorCode":"CdsUserError","ErrorMessage":"Table pharma_CallLog field pharma_calltype is a pharma_calllog_pharma_calltype Choice data type. The value FollowUp is not a valid value for the pharma_calltype choice field.","CdsErrorCode":"ChoiceValueDoesNotExistsErrorCode","RecordId":"758098f4-ff79-4b90-8766-ea80a25ddd29","RequestUrl":null},{"ErrorCode":"CdsUserError","ErrorMessage":"{\"message\":\"A record with the specified key values does not exist in pharma_opportunity entity\",\"cdsErrorCode\":\"0x80060891\",\"HelpLink\":\"http://go.microsoft.com/fwlink/?LinkID=398563&amp;error=Microsoft.Crm.CrmException%3a80060891&amp;client=platform\",\"InnerErrorMessage\":\"A record with the specified key values does not exist in pharma_opportunity entity\",\"cdsRequestId\":\"24d6e190-645a-4e5c-a15d-c2d9f772a07d\",\"cdsRequestUtcTime\":\"11/8/2025 6:16:54 PM\"}","CdsErrorCode":"0x80060891","RecordId":"54636b2a-e5be-4e32-bea3-fd884bef6c7d","RequestUrl":"https://org6903b6cc.crm4.dynamics.com/api/data/v9.1/pharma_calllogs{\r\n  \"pharma_calldate\": \"2024-06-01T10:00:00+00:00\",\r\n  \"pharma_calltype\": \"540350000\",\r\n  \"pharma_durationminutes\": 30,\r\n  \"pharma_gps\": \"6.5244,3.3792\",\r\n  \"pharma_nextfollowup\": \"2024-06-15T14:00:00+00:00\",\r\n  \"pharma_notes\": \"Discussed new product line.\",\r\n  \"pharma_outcome\": \"540350001\",\r\n  \"pharma_syncstatus\": \"540350000\",\r\n  \"pharma_LinkedOpportunity@odata.bind\": \"/pharma_opportunities(pharma_opportunityname='Hospital Expansion Project')\",\r\n  \"pharma_Owner@odata.bind\": \"/pharma_salesreps(pharma_salesrepname='Samuel Johnson')\"\r\n}"},{"ErrorCode":"CdsUserError","ErrorMessage":"Table pharma_CallLog field pharma_calltype is a pharma_calllog_pharma_calltype Choice data type. The value FollowUp is not a valid value for the pharma_calltype choice field.","CdsErrorCode":"ChoiceValueDoesNotExistsErrorCode","RecordId":"76946dca-aa6b-4610-ae07-265cdfd042e4","RequestUrl":null},{"ErrorCode":"CdsUserError","ErrorMessage":"Table pharma_CallLog field pharma_outcome is a pharma_calllog_pharma_outcome Choice data type. The value Won is not a valid value for the pharma_outcome choice field.","CdsErrorCode":"ChoiceValueDoesNotExistsErrorCode","RecordId":"dde23e43-fe17-450f-a30c-c3be9e778c0d","RequestUrl":null},{"ErrorCode":"CdsUserError","ErrorMessage":"Table pharma_CallLog field pharma_calltype is a pharma_calllog_pharma_calltype Choice data type. The value FollowUp is not a valid value for the pharma_calltype choice field.","CdsErrorCode":"ChoiceValueDoesNotExistsErrorCode","RecordId":"a9b7b7d6-5ab6-4e9a-ad2c-f2d8c6cd463f","RequestUrl":null}]},"ExceptionInfo":null,"Warnings":[],"ErrorCount":5,"UpsertCount":0,"PartitionsRefreshHistory":[{"Name":"call_log.csv","StartTime":"2025-11-08T18:16:42.5712946+00:00","EndTime":"2025-11-08T18:16:45.555831+00:00","LastUpdateTime":"2025-11-08T18:16:45.555831+00:00","RefreshStatus":"Success","ComputeEngines":[],"DataSourceStatistics":[{"DataSourceType":"Web","BytesRead":11238,"BytesWritten":0,"RowsRead":0,"RowsWritten":0},{"DataSourceType":"AzureDataLakeStorage","BytesRead":0,"BytesWritten":2900,"RowsRead":0,"RowsWritten":0}],"ErrorInfo":null,"Warnings":[],"ExceptionInfo":null}],"InsertCount":13,"GroupId":null,"UserTenantId":null}],"ActionsRefreshHistory":[],"ModelSnapshotPath":null,"GroupId":"44a26c18-60da-eb17-a355-f8c6a805f44e","UserTenantId":"99bdaeb9-2cbc-4caf-87c0-4ef0d353e41d","DataflowRefreshGatewayInformation":null},{"DataflowId":"746f0e38-2a24-4448-aa77-43db424d7e47","TransactionId":"4c4e80d7-e155-4fd2-b4b0-98556c322dc3","DataflowName":"New dataflow 11/8/2025, 6:53:46 PM","RequestId":"599420f5-7840-4e1a-b411-7a8e61010de1","SessionId":null,"StartTime":"2025-11-08T18:21:50.6555271+00:00","EndTime":"2025-11-08T18:22:20.2165524+00:00","RefreshType":"RefreshTypeOneTime","RefreshStatus":"Failed","ErrorInfo":{"ErrorCode":"LoadToCdsFailed","ErrorMessage":null,"RefreshTaskStatus":"LoadToCdsUserError"},"EntitiesRefreshHistory":[{"DataflowId":"746f0e38-2a24-4448-aa77-43db424d7e47","DataflowName":"New dataflow 11/8/2025, 6:53:46 PM","EntityName":"call_log","StartTime":"2025-11-08T18:21:58.6532639+00:00","EndTime":"2025-11-08T18:22:07.0363251+00:00","RefreshStatus":"Failed","ErrorInfo":{"EvaluationResult":null,"ErrorMessage":null,"ErrorCode":null,"LoadToCdsErrorInfo":[{"ErrorCode":"CdsUserError","ErrorMessage":"Table pharma_CallLog field pharma_outcome is a pharma_calllog_pharma_outcome Choice data type. The value Won is not a valid value for the pharma_outcome choice field.","CdsErrorCode":"ChoiceValueDoesNotExistsErrorCode","RecordId":"1801a79e-0156-4e7f-866d-ee438a573656","RequestUrl":null},